Using pre-set license
Built from '2020.3/staging' branch; Version is '2020.3.16f1 (049d6eca3c44) revision 302446'; Using compiler version '192528614'; Build Type 'Release'
OS: 'Windows 10 Home; OS build 22000.1219; Version 2009; 64bit' Language: 'en' Physical Memory: 7541 MB
BatchMode: 1, IsHumanControllingUs: 0, StartBugReporterOnCrash: 0, Is64bit: 1, IsPro: 0

 COMMAND LINE ARGUMENTS:
C:\Program Files\Unity\Hub\Editor\2020.3.16f1\Editor\Unity.exe
-adb2
-batchMode
-noUpm
-name
AssetImportWorker1
-projectPath
C:/Users/ewcgo/source/repos/thetyper101/DemonReach/Unity Files/DemonReach
-logFile
Logs/AssetImportWorker1.log
-srvPort
49705
Successfully changed project path to: C:/Users/ewcgo/source/repos/thetyper101/DemonReach/Unity Files/DemonReach
C:/Users/ewcgo/source/repos/thetyper101/DemonReach/Unity Files/DemonReach
Using Asset Import Pipeline V2.
Refreshing native plugins compatible for Editor in 49.84 ms, found 3 plugins.
Preloading 0 native plugins for Editor in 0.00 ms.
Initialize engine version: 2020.3.16f1 (049d6eca3c44)
[Subsystems] Discovering subsystems at path C:/Program Files/Unity/Hub/Editor/2020.3.16f1/Editor/Data/Resources/UnitySubsystems
[Subsystems] Discovering subsystems at path C:/Users/ewcgo/source/repos/thetyper101/DemonReach/Unity Files/DemonReach/Assets
GfxDevice: creating device client; threaded=0
Direct3D:
    Version:  Direct3D 11.0 [level 11.1]
    Renderer: AMD Radeon(TM) Graphics (ID=0x1636)
    Vendor:   
    VRAM:     3770 MB
    Driver:   26.20.14054.0
Initialize mono
Mono path[0] = 'C:/Program Files/Unity/Hub/Editor/2020.3.16f1/Editor/Data/Managed'
Mono path[1] = 'C:/Program Files/Unity/Hub/Editor/2020.3.16f1/Editor/Data/MonoBleedingEdge/lib/mono/unityjit'
Mono config path = 'C:/Program Files/Unity/Hub/Editor/2020.3.16f1/Editor/Data/MonoBleedingEdge/etc'
Using monoOptions --debugger-agent=transport=dt_socket,embedding=1,server=y,suspend=n,address=127.0.0.1:56936
Begin MonoManager ReloadAssembly
Registering precompiled unity dll's ...
Register platform support module: C:/Program Files/Unity/Hub/Editor/2020.3.16f1/Editor/Data/PlaybackEngines/WebGLSupport/UnityEditor.WebGL.Extensions.dll
Register platform support module: C:/Program Files/Unity/Hub/Editor/2020.3.16f1/Editor/Data/PlaybackEngines/WindowsStandaloneSupport/UnityEditor.WindowsStandalone.Extensions.dll
Registered in 0.006502 seconds.
Native extension for WindowsStandalone target not found
Native extension for WebGL target not found
Refreshing native plugins compatible for Editor in 45.52 ms, found 3 plugins.
Preloading 0 native plugins for Editor in 0.00 ms.
Mono: successfully reloaded assembly
- Completed reload, in  4.974 seconds
Domain Reload Profiling:
	ReloadAssembly (4974ms)
		BeginReloadAssembly (67ms)
			ExecutionOrderSort (0ms)
			DisableScriptedObjects (0ms)
			BackupInstance (0ms)
			ReleaseScriptingObjects (0ms)
			CreateAndSetChildDomain (1ms)
		EndReloadAssembly (441ms)
			LoadAssemblies (65ms)
			RebuildTransferFunctionScriptingTraits (0ms)
			SetupTypeCache (153ms)
			ReleaseScriptCaches (0ms)
			RebuildScriptCaches (29ms)
			SetupLoadedEditorAssemblies (182ms)
				LogAssemblyErrors (0ms)
				InitializePlatformSupportModulesInManaged (5ms)
				SetLoadedEditorAssemblies (0ms)
				RefreshPlugins (46ms)
				BeforeProcessingInitializeOnLoad (19ms)
				ProcessInitializeOnLoadAttributes (79ms)
				ProcessInitializeOnLoadMethodAttributes (32ms)
				AfterProcessingInitializeOnLoad (0ms)
				EditorAssembliesLoaded (0ms)
			ExecutionOrderSort2 (0ms)
			AwakeInstancesAfterBackupRestoration (0ms)
Platform modules already initialized, skipping
Registering precompiled user dll's ...
Registered in 0.018511 seconds.
Begin MonoManager ReloadAssembly
Symbol file data-0000027266CFF9C0 doesn't match image C:\Users\ewcgo\source\repos\thetyper101\DemonReach\Unity Files\DemonReach\Library\ScriptAssemblies\Unity.2D.Animation.Editor.dll
Symbol file LoadedFromMemory is not a mono symbol file
Symbol file data-0000027264BFD020 doesn't match image C:\Users\ewcgo\source\repos\thetyper101\DemonReach\Unity Files\DemonReach\Library\ScriptAssemblies\Unity.InternalAPIEngineBridge.001.dll
Symbol file LoadedFromMemory is not a mono symbol file
Symbol file data-0000027268364820 doesn't match image C:\Users\ewcgo\source\repos\thetyper101\DemonReach\Unity Files\DemonReach\Library\ScriptAssemblies\Unity.VSCode.Editor.dll
Symbol file LoadedFromMemory is not a mono symbol file
Symbol file data-0000027264B1AD40 doesn't match image C:\Users\ewcgo\source\repos\thetyper101\DemonReach\Unity Files\DemonReach\Library\ScriptAssemblies\Unity.2D.PixelPerfect.dll
Symbol file LoadedFromMemory is not a mono symbol file
Symbol file data-00000272646E6250 doesn't match image C:\Users\ewcgo\source\repos\thetyper101\DemonReach\Unity Files\DemonReach\Library\ScriptAssemblies\Unity.2D.Tilemap.Editor.dll
Symbol file LoadedFromMemory is not a mono symbol file
Symbol file data-0000027264A39640 doesn't match image C:\Users\ewcgo\source\repos\thetyper101\DemonReach\Unity Files\DemonReach\Library\ScriptAssemblies\PsdPlugin.dll
Symbol file LoadedFromMemory is not a mono symbol file
Symbol file data-0000027268A66010 doesn't match image C:\Users\ewcgo\source\repos\thetyper101\DemonReach\Unity Files\DemonReach\Library\ScriptAssemblies\Unity.TextMeshPro.Editor.dll
Symbol file LoadedFromMemory is not a mono symbol file
Symbol file data-00000272682109C0 doesn't match image C:\Users\ewcgo\source\repos\thetyper101\DemonReach\Unity Files\DemonReach\Library\ScriptAssemblies\Unity.VisualStudio.Editor.dll
Symbol file LoadedFromMemory is not a mono symbol file
Symbol file data-0000027266C1ED30 doesn't match image C:\Users\ewcgo\source\repos\thetyper101\DemonReach\Unity Files\DemonReach\Library\ScriptAssemblies\UnityEngine.TestRunner.dll
Symbol file LoadedFromMemory is not a mono symbol file
Symbol file data-0000027266D1EDD0 doesn't match image C:\Users\ewcgo\source\repos\thetyper101\DemonReach\Unity Files\DemonReach\Library\ScriptAssemblies\Unity.Timeline.dll
Symbol file LoadedFromMemory is not a mono symbol file
Symbol file data-0000027267204010 doesn't match image C:\Users\ewcgo\source\repos\thetyper101\DemonReach\Unity Files\DemonReach\Library\ScriptAssemblies\Unity.TextMeshPro.dll
Symbol file LoadedFromMemory is not a mono symbol file
Symbol file data-0000027264ABBEF0 doesn't match image C:\Users\ewcgo\source\repos\thetyper101\DemonReach\Unity Files\DemonReach\Library\ScriptAssemblies\UnityEditor.TestRunner.dll
Symbol file LoadedFromMemory is not a mono symbol file
Symbol file data-0000027268364820 doesn't match image C:\Users\ewcgo\source\repos\thetyper101\DemonReach\Unity Files\DemonReach\Library\ScriptAssemblies\Unity.2D.IK.Editor.dll
Symbol file LoadedFromMemory is not a mono symbol file
Symbol file data-0000027264ABBEF0 doesn't match image C:\Users\ewcgo\source\repos\thetyper101\DemonReach\Unity Files\DemonReach\Library\ScriptAssemblies\Unity.2D.Sprite.Editor.dll
Symbol file LoadedFromMemory is not a mono symbol file
Symbol file data-00000272682109C0 doesn't match image C:\Users\ewcgo\source\repos\thetyper101\DemonReach\Unity Files\DemonReach\Library\ScriptAssemblies\Unity.2D.Psdimporter.Editor.dll
Symbol file LoadedFromMemory is not a mono symbol file
Symbol file data-0000027264A17BC0 doesn't match image C:\Users\ewcgo\source\repos\thetyper101\DemonReach\Unity Files\DemonReach\Library\ScriptAssemblies\Unity.2D.Path.Editor.dll
Symbol file LoadedFromMemory is not a mono symbol file
Symbol file data-000002726482A3C0 doesn't match image C:\Users\ewcgo\source\repos\thetyper101\DemonReach\Unity Files\DemonReach\Library\ScriptAssemblies\Unity.InternalAPIEditorBridge.001.dll
Symbol file LoadedFromMemory is not a mono symbol file
Symbol file data-00000272682109C0 doesn't match image C:\Users\ewcgo\source\repos\thetyper101\DemonReach\Unity Files\DemonReach\Library\ScriptAssemblies\UnityEditor.UI.dll
Symbol file LoadedFromMemory is not a mono symbol file
Symbol file data-0000027267FD0080 doesn't match image C:\Users\ewcgo\source\repos\thetyper101\DemonReach\Unity Files\DemonReach\Library\ScriptAssemblies\Unity.PlasticSCM.Editor.dll
Symbol file LoadedFromMemory is not a mono symbol file
Symbol file data-0000027264A28260 doesn't match image C:\Users\ewcgo\source\repos\thetyper101\DemonReach\Unity Files\DemonReach\Library\ScriptAssemblies\Unity.Rider.Editor.dll
Symbol file LoadedFromMemory is not a mono symbol file
Symbol file data-0000027264A9D020 doesn't match image C:\Users\ewcgo\source\repos\thetyper101\DemonReach\Unity Files\DemonReach\Library\ScriptAssemblies\UnityEngine.UI.dll
Symbol file LoadedFromMemory is not a mono symbol file
Symbol file data-00000272674C8010 doesn't match image C:\Users\ewcgo\source\repos\thetyper101\DemonReach\Unity Files\DemonReach\Library\ScriptAssemblies\Unity.Mathematics.dll
Symbol file LoadedFromMemory is not a mono symbol file
Symbol file data-0000027264AD3100 doesn't match image C:\Users\ewcgo\source\repos\thetyper101\DemonReach\Unity Files\DemonReach\Library\ScriptAssemblies\Unity.2D.IK.Runtime.dll
Symbol file LoadedFromMemory is not a mono symbol file
Symbol file data-0000027264A9D020 doesn't match image C:\Users\ewcgo\source\repos\thetyper101\DemonReach\Unity Files\DemonReach\Library\ScriptAssemblies\Unity.2D.Animation.Triangle.Runtime.dll
Symbol file LoadedFromMemory is not a mono symbol file
Symbol file data-00000272649F6020 doesn't match image C:\Users\ewcgo\source\repos\thetyper101\DemonReach\Unity Files\DemonReach\Library\ScriptAssemblies\Unity.2D.Animation.Runtime.dll
Symbol file LoadedFromMemory is not a mono symbol file
Symbol file data-0000027264B08410 doesn't match image C:\Users\ewcgo\source\repos\thetyper101\DemonReach\Unity Files\DemonReach\Library\ScriptAssemblies\Unity.2D.PixelPerfect.Editor.dll
Symbol file LoadedFromMemory is not a mono symbol file
Symbol file data-000002726812D020 doesn't match image C:\Users\ewcgo\source\repos\thetyper101\DemonReach\Unity Files\DemonReach\Library\ScriptAssemblies\Unity.Timeline.Editor.dll
Symbol file LoadedFromMemory is not a mono symbol file
Symbol file data-0000027264A39640 doesn't match image C:\Users\ewcgo\source\repos\thetyper101\DemonReach\Unity Files\DemonReach\Library\ScriptAssemblies\Unity.CollabProxy.Editor.dll
Symbol file LoadedFromMemory is not a mono symbol file
Symbol file data-00000272648D35D0 doesn't match image C:\Users\ewcgo\source\repos\thetyper101\DemonReach\Unity Files\DemonReach\Library\ScriptAssemblies\Unity.Mathematics.Editor.dll
Symbol file LoadedFromMemory is not a mono symbol file
Symbol file data-0000027267239830 doesn't match image C:\Users\ewcgo\source\repos\thetyper101\DemonReach\Unity Files\DemonReach\Library\ScriptAssemblies\Unity.2D.Common.Runtime.dll
Symbol file LoadedFromMemory is not a mono symbol file
Symbol file data-0000027264A0C460 doesn't match image C:\Users\ewcgo\source\repos\thetyper101\DemonReach\Unity Files\DemonReach\Library\ScriptAssemblies\Unity.2D.SpriteShape.Editor.dll
Symbol file LoadedFromMemory is not a mono symbol file
Symbol file data-0000027264AD3100 doesn't match image C:\Users\ewcgo\source\repos\thetyper101\DemonReach\Unity Files\DemonReach\Library\ScriptAssemblies\Unity.2D.Common.Editor.dll
Symbol file LoadedFromMemory is not a mono symbol file
Symbol file data-0000027266D1EDD0 doesn't match image C:\Users\ewcgo\source\repos\thetyper101\DemonReach\Unity Files\DemonReach\Library\ScriptAssemblies\Unity.2D.SpriteShape.Runtime.dll
Symbol file LoadedFromMemory is not a mono symbol file
Native extension for WindowsStandalone target not found
Native extension for WebGL target not found
Refreshing native plugins compatible for Editor in 43.63 ms, found 3 plugins.
Preloading 0 native plugins for Editor in 0.00 ms.
Mono: successfully reloaded assembly
- Completed reload, in  1.268 seconds
Domain Reload Profiling:
	ReloadAssembly (1270ms)
		BeginReloadAssembly (147ms)
			ExecutionOrderSort (0ms)
			DisableScriptedObjects (4ms)
			BackupInstance (0ms)
			ReleaseScriptingObjects (0ms)
			CreateAndSetChildDomain (21ms)
		EndReloadAssembly (1055ms)
			LoadAssemblies (163ms)
			RebuildTransferFunctionScriptingTraits (0ms)
			SetupTypeCache (291ms)
			ReleaseScriptCaches (1ms)
			RebuildScriptCaches (46ms)
			SetupLoadedEditorAssemblies (443ms)
				LogAssemblyErrors (0ms)
				InitializePlatformSupportModulesInManaged (5ms)
				SetLoadedEditorAssemblies (0ms)
				RefreshPlugins (44ms)
				BeforeProcessingInitializeOnLoad (91ms)
				ProcessInitializeOnLoadAttributes (282ms)
				ProcessInitializeOnLoadMethodAttributes (13ms)
				AfterProcessingInitializeOnLoad (8ms)
				EditorAssembliesLoaded (0ms)
			ExecutionOrderSort2 (0ms)
			AwakeInstancesAfterBackupRestoration (6ms)
Platform modules already initialized, skipping
========================================================================
Worker process is ready to serve import requests
Launched and connected shader compiler UnityShaderCompiler.exe after 0.08 seconds
Refreshing native plugins compatible for Editor in 0.50 ms, found 3 plugins.
Preloading 0 native plugins for Editor in 0.00 ms.
Unloading 2103 Unused Serialized files (Serialized files now loaded: 0)
System memory in use before: 93.6 MB.
System memory in use after: 93.6 MB.

Unloading 28 unused Assets to reduce memory usage. Loaded Objects now: 2542.
Total: 6.416600 ms (FindLiveObjects: 0.409400 ms CreateObjectMapping: 0.085800 ms MarkObjects: 5.533800 ms  DeleteObjects: 0.385100 ms)

AssetImportParameters requested are different than current active one (requested -> active):
  custom:framework-win-MediaFoundation: 216162199b28c13a410421893ffa2e32 -> 
  custom:video-decoder-ogg-theora: a1e56fd34408186e4bbccfd4996cb3dc -> 
  custom:container-muxer-webm: aa71ff27fc2769a1b78a27578f13a17b -> 
  custom:container-demuxer-webm: 4f35f7cbe854078d1ac9338744f61a02 -> 
  custom:container-demuxer-ogg: 62fdf1f143b41e24485cea50d1cbac27 -> 
  custom:video-encoder-webm-vp8: eb34c28f22e8b96e1ab97ce403110664 -> 
  custom:video-codec-MediaFoundation-h265: 746d11721c4dcdbdad8f713fa42b33f4 -> 
  custom:video-decoder-webm-vp8: 9c59270c3fd7afecdb556c50c9e8de78 -> 
  custom:audio-decoder-ogg-vorbis: bf7c407c2cedff20999df2af8eb42d56 -> 
  custom:audio-encoder-webm-vorbis: bf7c407c2cedff20999df2af8eb42d56 -> 
========================================================================
Received Import Request.
  path: ProjectSettings/TagManager.asset
  artifactKey: Guid(00000000000000003000000000000000) Importer(815301076,1909f56bfc062723c751e8b465ee728b)
Start importing ProjectSettings/TagManager.asset using Guid(00000000000000003000000000000000) Importer(815301076,1909f56bfc062723c751e8b465ee728b)  -> (artifact id: '55115ead45122e0e62e5e9757d9a882f') in 0.068418 seconds 
  Import took 0.073206 seconds .

========================================================================
Received Prepare
Registering precompiled user dll's ...
Registered in 0.009427 seconds.
Begin MonoManager ReloadAssembly
Symbol file data-000002726753C030 doesn't match image C:\Users\ewcgo\source\repos\thetyper101\DemonReach\Unity Files\DemonReach\Library\ScriptAssemblies\Unity.2D.Animation.Editor.dll
Symbol file LoadedFromMemory is not a mono symbol file
Symbol file data-000002727BC2DA40 doesn't match image C:\Users\ewcgo\source\repos\thetyper101\DemonReach\Unity Files\DemonReach\Library\ScriptAssemblies\Unity.InternalAPIEngineBridge.001.dll
Symbol file LoadedFromMemory is not a mono symbol file
Symbol file data-0000027268364820 doesn't match image C:\Users\ewcgo\source\repos\thetyper101\DemonReach\Unity Files\DemonReach\Library\ScriptAssemblies\Unity.VSCode.Editor.dll
Symbol file LoadedFromMemory is not a mono symbol file
Symbol file data-000002726AC4E020 doesn't match image C:\Users\ewcgo\source\repos\thetyper101\DemonReach\Unity Files\DemonReach\Library\ScriptAssemblies\Unity.2D.PixelPerfect.dll
Symbol file LoadedFromMemory is not a mono symbol file
Symbol file data-0000027264893020 doesn't match image C:\Users\ewcgo\source\repos\thetyper101\DemonReach\Unity Files\DemonReach\Library\ScriptAssemblies\Unity.2D.Tilemap.Editor.dll
Symbol file LoadedFromMemory is not a mono symbol file
Symbol file data-000002726C1A11A0 doesn't match image C:\Users\ewcgo\source\repos\thetyper101\DemonReach\Unity Files\DemonReach\Library\ScriptAssemblies\PsdPlugin.dll
Symbol file LoadedFromMemory is not a mono symbol file
Symbol file data-000002726B833020 doesn't match image C:\Users\ewcgo\source\repos\thetyper101\DemonReach\Unity Files\DemonReach\Library\ScriptAssemblies\Unity.TextMeshPro.Editor.dll
Symbol file LoadedFromMemory is not a mono symbol file
Symbol file data-00000272648AF980 doesn't match image C:\Users\ewcgo\source\repos\thetyper101\DemonReach\Unity Files\DemonReach\Library\ScriptAssemblies\Unity.VisualStudio.Editor.dll
Symbol file LoadedFromMemory is not a mono symbol file
Symbol file data-0000027268764860 doesn't match image C:\Users\ewcgo\source\repos\thetyper101\DemonReach\Unity Files\DemonReach\Library\ScriptAssemblies\UnityEngine.TestRunner.dll
Symbol file LoadedFromMemory is not a mono symbol file
Symbol file data-0000027264893020 doesn't match image C:\Users\ewcgo\source\repos\thetyper101\DemonReach\Unity Files\DemonReach\Library\ScriptAssemblies\Unity.Timeline.dll
Symbol file LoadedFromMemory is not a mono symbol file
Symbol file data-0000027266CFF9C0 doesn't match image C:\Users\ewcgo\source\repos\thetyper101\DemonReach\Unity Files\DemonReach\Library\ScriptAssemblies\Unity.TextMeshPro.dll
Symbol file LoadedFromMemory is not a mono symbol file
Symbol file data-00000272646E6250 doesn't match image C:\Users\ewcgo\source\repos\thetyper101\DemonReach\Unity Files\DemonReach\Library\ScriptAssemblies\UnityEditor.TestRunner.dll
Symbol file LoadedFromMemory is not a mono symbol file
Symbol file data-0000027268364820 doesn't match image C:\Users\ewcgo\source\repos\thetyper101\DemonReach\Unity Files\DemonReach\Library\ScriptAssemblies\Unity.2D.IK.Editor.dll
Symbol file LoadedFromMemory is not a mono symbol file
Symbol file data-0000027264A04450 doesn't match image C:\Users\ewcgo\source\repos\thetyper101\DemonReach\Unity Files\DemonReach\Library\ScriptAssemblies\Unity.2D.Sprite.Editor.dll
Symbol file LoadedFromMemory is not a mono symbol file
Symbol file data-00000272648AF980 doesn't match image C:\Users\ewcgo\source\repos\thetyper101\DemonReach\Unity Files\DemonReach\Library\ScriptAssemblies\Unity.2D.Psdimporter.Editor.dll
Symbol file LoadedFromMemory is not a mono symbol file
Symbol file data-00000272686A5020 doesn't match image C:\Users\ewcgo\source\repos\thetyper101\DemonReach\Unity Files\DemonReach\Library\ScriptAssemblies\Unity.2D.Path.Editor.dll
Symbol file LoadedFromMemory is not a mono symbol file
Symbol file data-00000272685D6420 doesn't match image C:\Users\ewcgo\source\repos\thetyper101\DemonReach\Unity Files\DemonReach\Library\ScriptAssemblies\Unity.InternalAPIEditorBridge.001.dll
Symbol file LoadedFromMemory is not a mono symbol file
Symbol file data-00000272648AF980 doesn't match image C:\Users\ewcgo\source\repos\thetyper101\DemonReach\Unity Files\DemonReach\Library\ScriptAssemblies\UnityEditor.UI.dll
Symbol file LoadedFromMemory is not a mono symbol file
Symbol file data-0000027267204010 doesn't match image C:\Users\ewcgo\source\repos\thetyper101\DemonReach\Unity Files\DemonReach\Library\ScriptAssemblies\Unity.PlasticSCM.Editor.dll
Symbol file LoadedFromMemory is not a mono symbol file
Symbol file data-0000027264A28260 doesn't match image C:\Users\ewcgo\source\repos\thetyper101\DemonReach\Unity Files\DemonReach\Library\ScriptAssemblies\Unity.Rider.Editor.dll
Symbol file LoadedFromMemory is not a mono symbol file
Symbol file data-0000027268E4B020 doesn't match image C:\Users\ewcgo\source\repos\thetyper101\DemonReach\Unity Files\DemonReach\Library\ScriptAssemblies\UnityEngine.UI.dll
Symbol file LoadedFromMemory is not a mono symbol file
Symbol file data-00000272674C8010 doesn't match image C:\Users\ewcgo\source\repos\thetyper101\DemonReach\Unity Files\DemonReach\Library\ScriptAssemblies\Unity.Mathematics.dll
Symbol file LoadedFromMemory is not a mono symbol file
Symbol file data-0000027268364820 doesn't match image C:\Users\ewcgo\source\repos\thetyper101\DemonReach\Unity Files\DemonReach\Library\ScriptAssemblies\Unity.2D.IK.Runtime.dll
Symbol file LoadedFromMemory is not a mono symbol file
Symbol file data-0000027268E4B020 doesn't match image C:\Users\ewcgo\source\repos\thetyper101\DemonReach\Unity Files\DemonReach\Library\ScriptAssemblies\Unity.2D.Animation.Triangle.Runtime.dll
Symbol file LoadedFromMemory is not a mono symbol file
Symbol file data-000002726BAFEA30 doesn't match image C:\Users\ewcgo\source\repos\thetyper101\DemonReach\Unity Files\DemonReach\Library\ScriptAssemblies\Unity.2D.Animation.Runtime.dll
Symbol file LoadedFromMemory is not a mono symbol file
Symbol file data-000002726476F010 doesn't match image C:\Users\ewcgo\source\repos\thetyper101\DemonReach\Unity Files\DemonReach\Library\ScriptAssemblies\Unity.2D.PixelPerfect.Editor.dll
Symbol file LoadedFromMemory is not a mono symbol file
Symbol file data-000002726812D020 doesn't match image C:\Users\ewcgo\source\repos\thetyper101\DemonReach\Unity Files\DemonReach\Library\ScriptAssemblies\Unity.Timeline.Editor.dll
Symbol file LoadedFromMemory is not a mono symbol file
Symbol file data-000002726C83D630 doesn't match image C:\Users\ewcgo\source\repos\thetyper101\DemonReach\Unity Files\DemonReach\Library\ScriptAssemblies\Unity.CollabProxy.Editor.dll
Symbol file LoadedFromMemory is not a mono symbol file
Symbol file data-000002726AC4E020 doesn't match image C:\Users\ewcgo\source\repos\thetyper101\DemonReach\Unity Files\DemonReach\Library\ScriptAssemblies\Unity.Mathematics.Editor.dll
Symbol file LoadedFromMemory is not a mono symbol file
Symbol file data-00000272646E4820 doesn't match image C:\Users\ewcgo\source\repos\thetyper101\DemonReach\Unity Files\DemonReach\Library\ScriptAssemblies\Unity.2D.Common.Runtime.dll
Symbol file LoadedFromMemory is not a mono symbol file
Symbol file data-0000027268A12010 doesn't match image C:\Users\ewcgo\source\repos\thetyper101\DemonReach\Unity Files\DemonReach\Library\ScriptAssemblies\Unity.2D.SpriteShape.Editor.dll
Symbol file LoadedFromMemory is not a mono symbol file
Symbol file data-0000027268364820 doesn't match image C:\Users\ewcgo\source\repos\thetyper101\DemonReach\Unity Files\DemonReach\Library\ScriptAssemblies\Unity.2D.Common.Editor.dll
Symbol file LoadedFromMemory is not a mono symbol file
Symbol file data-0000027264893020 doesn't match image C:\Users\ewcgo\source\repos\thetyper101\DemonReach\Unity Files\DemonReach\Library\ScriptAssemblies\Unity.2D.SpriteShape.Runtime.dll
Symbol file LoadedFromMemory is not a mono symbol file
Native extension for WindowsStandalone target not found
Native extension for WebGL target not found
Refreshing native plugins compatible for Editor in 0.56 ms, found 3 plugins.
Preloading 0 native plugins for Editor in 0.00 ms.
Mono: successfully reloaded assembly
- Completed reload, in  1.109 seconds
Domain Reload Profiling:
	ReloadAssembly (1110ms)
		BeginReloadAssembly (125ms)
			ExecutionOrderSort (0ms)
			DisableScriptedObjects (6ms)
			BackupInstance (0ms)
			ReleaseScriptingObjects (0ms)
			CreateAndSetChildDomain (35ms)
		EndReloadAssembly (920ms)
			LoadAssemblies (113ms)
			RebuildTransferFunctionScriptingTraits (0ms)
			SetupTypeCache (288ms)
			ReleaseScriptCaches (1ms)
			RebuildScriptCaches (43ms)
			SetupLoadedEditorAssemblies (382ms)
				LogAssemblyErrors (0ms)
				InitializePlatformSupportModulesInManaged (6ms)
				SetLoadedEditorAssemblies (0ms)
				RefreshPlugins (1ms)
				BeforeProcessingInitializeOnLoad (85ms)
				ProcessInitializeOnLoadAttributes (274ms)
				ProcessInitializeOnLoadMethodAttributes (6ms)
				AfterProcessingInitializeOnLoad (10ms)
				EditorAssembliesLoaded (0ms)
			ExecutionOrderSort2 (0ms)
			AwakeInstancesAfterBackupRestoration (10ms)
Platform modules already initialized, skipping
Refreshing native plugins compatible for Editor in 1.49 ms, found 3 plugins.
Preloading 0 native plugins for Editor in 0.00 ms.
Unloading 2093 Unused Serialized files (Serialized files now loaded: 0)
System memory in use before: 93.0 MB.
System memory in use after: 93.1 MB.

Unloading 17 unused Assets to reduce memory usage. Loaded Objects now: 2545.
Total: 7.001500 ms (FindLiveObjects: 0.371600 ms CreateObjectMapping: 0.178900 ms MarkObjects: 6.396400 ms  DeleteObjects: 0.052500 ms)

AssetImportParameters requested are different than current active one (requested -> active):
  custom:framework-win-MediaFoundation: 216162199b28c13a410421893ffa2e32 -> 
  custom:video-decoder-ogg-theora: a1e56fd34408186e4bbccfd4996cb3dc -> 
  custom:container-muxer-webm: aa71ff27fc2769a1b78a27578f13a17b -> 
  custom:container-demuxer-webm: 4f35f7cbe854078d1ac9338744f61a02 -> 
  custom:container-demuxer-ogg: 62fdf1f143b41e24485cea50d1cbac27 -> 
  custom:video-encoder-webm-vp8: eb34c28f22e8b96e1ab97ce403110664 -> 
  custom:video-codec-MediaFoundation-h265: 746d11721c4dcdbdad8f713fa42b33f4 -> 
  custom:video-decoder-webm-vp8: 9c59270c3fd7afecdb556c50c9e8de78 -> 
  custom:audio-decoder-ogg-vorbis: bf7c407c2cedff20999df2af8eb42d56 -> 
  custom:audio-encoder-webm-vorbis: bf7c407c2cedff20999df2af8eb42d56 -> 
========================================================================
Received Prepare
Registering precompiled user dll's ...
Registered in 0.006286 seconds.
Begin MonoManager ReloadAssembly
Symbol file data-000002726753C030 doesn't match image C:\Users\ewcgo\source\repos\thetyper101\DemonReach\Unity Files\DemonReach\Library\ScriptAssemblies\Unity.2D.Animation.Editor.dll
Symbol file LoadedFromMemory is not a mono symbol file
Symbol file data-00000272648D6EE0 doesn't match image C:\Users\ewcgo\source\repos\thetyper101\DemonReach\Unity Files\DemonReach\Library\ScriptAssemblies\Unity.InternalAPIEngineBridge.001.dll
Symbol file LoadedFromMemory is not a mono symbol file
Symbol file data-0000027268364820 doesn't match image C:\Users\ewcgo\source\repos\thetyper101\DemonReach\Unity Files\DemonReach\Library\ScriptAssemblies\Unity.VSCode.Editor.dll
Symbol file LoadedFromMemory is not a mono symbol file
Symbol file data-000002726CAF9040 doesn't match image C:\Users\ewcgo\source\repos\thetyper101\DemonReach\Unity Files\DemonReach\Library\ScriptAssemblies\Unity.2D.PixelPerfect.dll
Symbol file LoadedFromMemory is not a mono symbol file
Symbol file data-0000027264893020 doesn't match image C:\Users\ewcgo\source\repos\thetyper101\DemonReach\Unity Files\DemonReach\Library\ScriptAssemblies\Unity.2D.Tilemap.Editor.dll
Symbol file LoadedFromMemory is not a mono symbol file
Symbol file data-000002726728E750 doesn't match image C:\Users\ewcgo\source\repos\thetyper101\DemonReach\Unity Files\DemonReach\Library\ScriptAssemblies\PsdPlugin.dll
Symbol file LoadedFromMemory is not a mono symbol file
Symbol file data-000002726B7AF010 doesn't match image C:\Users\ewcgo\source\repos\thetyper101\DemonReach\Unity Files\DemonReach\Library\ScriptAssemblies\Unity.TextMeshPro.Editor.dll
Symbol file LoadedFromMemory is not a mono symbol file
Symbol file data-00000272648AF980 doesn't match image C:\Users\ewcgo\source\repos\thetyper101\DemonReach\Unity Files\DemonReach\Library\ScriptAssemblies\Unity.VisualStudio.Editor.dll
Symbol file LoadedFromMemory is not a mono symbol file
Symbol file data-0000027267253020 doesn't match image C:\Users\ewcgo\source\repos\thetyper101\DemonReach\Unity Files\DemonReach\Library\ScriptAssemblies\UnityEngine.TestRunner.dll
Symbol file LoadedFromMemory is not a mono symbol file
Symbol file data-0000027264893020 doesn't match image C:\Users\ewcgo\source\repos\thetyper101\DemonReach\Unity Files\DemonReach\Library\ScriptAssemblies\Unity.Timeline.dll
Symbol file LoadedFromMemory is not a mono symbol file
Symbol file data-0000027266CFF9C0 doesn't match image C:\Users\ewcgo\source\repos\thetyper101\DemonReach\Unity Files\DemonReach\Library\ScriptAssemblies\Unity.TextMeshPro.dll
Symbol file LoadedFromMemory is not a mono symbol file
Symbol file data-00000272673BC410 doesn't match image C:\Users\ewcgo\source\repos\thetyper101\DemonReach\Unity Files\DemonReach\Library\ScriptAssemblies\UnityEditor.TestRunner.dll
Symbol file LoadedFromMemory is not a mono symbol file
Symbol file data-0000027268364820 doesn't match image C:\Users\ewcgo\source\repos\thetyper101\DemonReach\Unity Files\DemonReach\Library\ScriptAssemblies\Unity.2D.IK.Editor.dll
Symbol file LoadedFromMemory is not a mono symbol file
Symbol file data-0000027264A04450 doesn't match image C:\Users\ewcgo\source\repos\thetyper101\DemonReach\Unity Files\DemonReach\Library\ScriptAssemblies\Unity.2D.Sprite.Editor.dll
Symbol file LoadedFromMemory is not a mono symbol file
Symbol file data-00000272648AF980 doesn't match image C:\Users\ewcgo\source\repos\thetyper101\DemonReach\Unity Files\DemonReach\Library\ScriptAssemblies\Unity.2D.Psdimporter.Editor.dll
Symbol file LoadedFromMemory is not a mono symbol file
Symbol file data-00000272682DB030 doesn't match image C:\Users\ewcgo\source\repos\thetyper101\DemonReach\Unity Files\DemonReach\Library\ScriptAssemblies\Unity.2D.Path.Editor.dll
Symbol file LoadedFromMemory is not a mono symbol file
Symbol file data-0000027268A7DB00 doesn't match image C:\Users\ewcgo\source\repos\thetyper101\DemonReach\Unity Files\DemonReach\Library\ScriptAssemblies\Unity.InternalAPIEditorBridge.001.dll
Symbol file LoadedFromMemory is not a mono symbol file
Symbol file data-00000272648AF980 doesn't match image C:\Users\ewcgo\source\repos\thetyper101\DemonReach\Unity Files\DemonReach\Library\ScriptAssemblies\UnityEditor.UI.dll
Symbol file LoadedFromMemory is not a mono symbol file
Symbol file data-0000027267204010 doesn't match image C:\Users\ewcgo\source\repos\thetyper101\DemonReach\Unity Files\DemonReach\Library\ScriptAssemblies\Unity.PlasticSCM.Editor.dll
Symbol file LoadedFromMemory is not a mono symbol file
Symbol file data-0000027267280F40 doesn't match image C:\Users\ewcgo\source\repos\thetyper101\DemonReach\Unity Files\DemonReach\Library\ScriptAssemblies\Unity.Rider.Editor.dll
Symbol file LoadedFromMemory is not a mono symbol file
Symbol file data-0000027268E4B020 doesn't match image C:\Users\ewcgo\source\repos\thetyper101\DemonReach\Unity Files\DemonReach\Library\ScriptAssemblies\UnityEngine.UI.dll
Symbol file LoadedFromMemory is not a mono symbol file
Symbol file data-000002726C024020 doesn't match image C:\Users\ewcgo\source\repos\thetyper101\DemonReach\Unity Files\DemonReach\Library\ScriptAssemblies\Unity.Mathematics.dll
Symbol file LoadedFromMemory is not a mono symbol file
Symbol file data-0000027268364820 doesn't match image C:\Users\ewcgo\source\repos\thetyper101\DemonReach\Unity Files\DemonReach\Library\ScriptAssemblies\Unity.2D.IK.Runtime.dll
Symbol file LoadedFromMemory is not a mono symbol file
Symbol file data-000002726BAEA020 doesn't match image C:\Users\ewcgo\source\repos\thetyper101\DemonReach\Unity Files\DemonReach\Library\ScriptAssemblies\Unity.2D.Animation.Triangle.Runtime.dll
Symbol file LoadedFromMemory is not a mono symbol file
Symbol file data-000002726C195160 doesn't match image C:\Users\ewcgo\source\repos\thetyper101\DemonReach\Unity Files\DemonReach\Library\ScriptAssemblies\Unity.2D.Animation.Runtime.dll
Symbol file LoadedFromMemory is not a mono symbol file
Symbol file data-000002726476F010 doesn't match image C:\Users\ewcgo\source\repos\thetyper101\DemonReach\Unity Files\DemonReach\Library\ScriptAssemblies\Unity.2D.PixelPerfect.Editor.dll
Symbol file LoadedFromMemory is not a mono symbol file
Symbol file data-000002726812D020 doesn't match image C:\Users\ewcgo\source\repos\thetyper101\DemonReach\Unity Files\DemonReach\Library\ScriptAssemblies\Unity.Timeline.Editor.dll
Symbol file LoadedFromMemory is not a mono symbol file
Symbol file data-000002726C83D630 doesn't match image C:\Users\ewcgo\source\repos\thetyper101\DemonReach\Unity Files\DemonReach\Library\ScriptAssemblies\Unity.CollabProxy.Editor.dll
Symbol file LoadedFromMemory is not a mono symbol file
Symbol file data-0000027264821AA0 doesn't match image C:\Users\ewcgo\source\repos\thetyper101\DemonReach\Unity Files\DemonReach\Library\ScriptAssemblies\Unity.Mathematics.Editor.dll
Symbol file LoadedFromMemory is not a mono symbol file
Symbol file data-00000272646E4D90 doesn't match image C:\Users\ewcgo\source\repos\thetyper101\DemonReach\Unity Files\DemonReach\Library\ScriptAssemblies\Unity.2D.Common.Runtime.dll
Symbol file LoadedFromMemory is not a mono symbol file
Symbol file data-0000027268A12010 doesn't match image C:\Users\ewcgo\source\repos\thetyper101\DemonReach\Unity Files\DemonReach\Library\ScriptAssemblies\Unity.2D.SpriteShape.Editor.dll
Symbol file LoadedFromMemory is not a mono symbol file
Symbol file data-0000027268364820 doesn't match image C:\Users\ewcgo\source\repos\thetyper101\DemonReach\Unity Files\DemonReach\Library\ScriptAssemblies\Unity.2D.Common.Editor.dll
Symbol file LoadedFromMemory is not a mono symbol file
Symbol file data-0000027264893020 doesn't match image C:\Users\ewcgo\source\repos\thetyper101\DemonReach\Unity Files\DemonReach\Library\ScriptAssemblies\Unity.2D.SpriteShape.Runtime.dll
Symbol file LoadedFromMemory is not a mono symbol file
Native extension for WindowsStandalone target not found
Native extension for WebGL target not found
Refreshing native plugins compatible for Editor in 0.83 ms, found 3 plugins.
Preloading 0 native plugins for Editor in 0.00 ms.
Mono: successfully reloaded assembly
- Completed reload, in  1.125 seconds
Domain Reload Profiling:
	ReloadAssembly (1126ms)
		BeginReloadAssembly (131ms)
			ExecutionOrderSort (0ms)
			DisableScriptedObjects (5ms)
			BackupInstance (0ms)
			ReleaseScriptingObjects (0ms)
			CreateAndSetChildDomain (37ms)
		EndReloadAssembly (929ms)
			LoadAssemblies (104ms)
			RebuildTransferFunctionScriptingTraits (0ms)
			SetupTypeCache (293ms)
			ReleaseScriptCaches (1ms)
			RebuildScriptCaches (43ms)
			SetupLoadedEditorAssemblies (398ms)
				LogAssemblyErrors (0ms)
				InitializePlatformSupportModulesInManaged (7ms)
				SetLoadedEditorAssemblies (1ms)
				RefreshPlugins (1ms)
				BeforeProcessingInitializeOnLoad (95ms)
				ProcessInitializeOnLoadAttributes (280ms)
				ProcessInitializeOnLoadMethodAttributes (5ms)
				AfterProcessingInitializeOnLoad (8ms)
				EditorAssembliesLoaded (0ms)
			ExecutionOrderSort2 (0ms)
			AwakeInstancesAfterBackupRestoration (10ms)
Platform modules already initialized, skipping
Refreshing native plugins compatible for Editor in 0.58 ms, found 3 plugins.
Preloading 0 native plugins for Editor in 0.00 ms.
Unloading 2093 Unused Serialized files (Serialized files now loaded: 0)
System memory in use before: 93.1 MB.
System memory in use after: 93.2 MB.

Unloading 16 unused Assets to reduce memory usage. Loaded Objects now: 2548.
Total: 4.003100 ms (FindLiveObjects: 0.251400 ms CreateObjectMapping: 0.051000 ms MarkObjects: 3.670500 ms  DeleteObjects: 0.028500 ms)

AssetImportParameters requested are different than current active one (requested -> active):
  custom:framework-win-MediaFoundation: 216162199b28c13a410421893ffa2e32 -> 
  custom:video-decoder-ogg-theora: a1e56fd34408186e4bbccfd4996cb3dc -> 
  custom:container-muxer-webm: aa71ff27fc2769a1b78a27578f13a17b -> 
  custom:container-demuxer-webm: 4f35f7cbe854078d1ac9338744f61a02 -> 
  custom:container-demuxer-ogg: 62fdf1f143b41e24485cea50d1cbac27 -> 
  custom:video-encoder-webm-vp8: eb34c28f22e8b96e1ab97ce403110664 -> 
  custom:video-codec-MediaFoundation-h265: 746d11721c4dcdbdad8f713fa42b33f4 -> 
  custom:video-decoder-webm-vp8: 9c59270c3fd7afecdb556c50c9e8de78 -> 
  custom:audio-decoder-ogg-vorbis: bf7c407c2cedff20999df2af8eb42d56 -> 
  custom:audio-encoder-webm-vorbis: bf7c407c2cedff20999df2af8eb42d56 -> 
========================================================================
Received Prepare
Registering precompiled user dll's ...
Registered in 0.006864 seconds.
Begin MonoManager ReloadAssembly
Symbol file data-0000027267A61010 doesn't match image C:\Users\ewcgo\source\repos\thetyper101\DemonReach\Unity Files\DemonReach\Library\ScriptAssemblies\Unity.2D.Animation.Editor.dll
Symbol file LoadedFromMemory is not a mono symbol file
Symbol file data-00000272648AEF70 doesn't match image C:\Users\ewcgo\source\repos\thetyper101\DemonReach\Unity Files\DemonReach\Library\ScriptAssemblies\Unity.InternalAPIEngineBridge.001.dll
Symbol file LoadedFromMemory is not a mono symbol file
Symbol file data-0000027268364820 doesn't match image C:\Users\ewcgo\source\repos\thetyper101\DemonReach\Unity Files\DemonReach\Library\ScriptAssemblies\Unity.VSCode.Editor.dll
Symbol file LoadedFromMemory is not a mono symbol file
Symbol file data-000002726AE0A040 doesn't match image C:\Users\ewcgo\source\repos\thetyper101\DemonReach\Unity Files\DemonReach\Library\ScriptAssemblies\Unity.2D.PixelPerfect.dll
Symbol file LoadedFromMemory is not a mono symbol file
Symbol file data-0000027264893020 doesn't match image C:\Users\ewcgo\source\repos\thetyper101\DemonReach\Unity Files\DemonReach\Library\ScriptAssemblies\Unity.2D.Tilemap.Editor.dll
Symbol file LoadedFromMemory is not a mono symbol file
Symbol file data-000002726728E750 doesn't match image C:\Users\ewcgo\source\repos\thetyper101\DemonReach\Unity Files\DemonReach\Library\ScriptAssemblies\PsdPlugin.dll
Symbol file LoadedFromMemory is not a mono symbol file
Symbol file data-000002726B7AF010 doesn't match image C:\Users\ewcgo\source\repos\thetyper101\DemonReach\Unity Files\DemonReach\Library\ScriptAssemblies\Unity.TextMeshPro.Editor.dll
Symbol file LoadedFromMemory is not a mono symbol file
Symbol file data-00000272648AF980 doesn't match image C:\Users\ewcgo\source\repos\thetyper101\DemonReach\Unity Files\DemonReach\Library\ScriptAssemblies\Unity.VisualStudio.Editor.dll
Symbol file LoadedFromMemory is not a mono symbol file
Symbol file data-00000272648D8310 doesn't match image C:\Users\ewcgo\source\repos\thetyper101\DemonReach\Unity Files\DemonReach\Library\ScriptAssemblies\UnityEngine.TestRunner.dll
Symbol file LoadedFromMemory is not a mono symbol file
Symbol file data-0000027264893020 doesn't match image C:\Users\ewcgo\source\repos\thetyper101\DemonReach\Unity Files\DemonReach\Library\ScriptAssemblies\Unity.Timeline.dll
Symbol file LoadedFromMemory is not a mono symbol file
Symbol file data-0000027266CFF9C0 doesn't match image C:\Users\ewcgo\source\repos\thetyper101\DemonReach\Unity Files\DemonReach\Library\ScriptAssemblies\Unity.TextMeshPro.dll
Symbol file LoadedFromMemory is not a mono symbol file
Symbol file data-00000272673BC410 doesn't match image C:\Users\ewcgo\source\repos\thetyper101\DemonReach\Unity Files\DemonReach\Library\ScriptAssemblies\UnityEditor.TestRunner.dll
Symbol file LoadedFromMemory is not a mono symbol file
Symbol file data-0000027268364820 doesn't match image C:\Users\ewcgo\source\repos\thetyper101\DemonReach\Unity Files\DemonReach\Library\ScriptAssemblies\Unity.2D.IK.Editor.dll
Symbol file LoadedFromMemory is not a mono symbol file
Symbol file data-0000027264A04450 doesn't match image C:\Users\ewcgo\source\repos\thetyper101\DemonReach\Unity Files\DemonReach\Library\ScriptAssemblies\Unity.2D.Sprite.Editor.dll
Symbol file LoadedFromMemory is not a mono symbol file
Symbol file data-00000272648AF980 doesn't match image C:\Users\ewcgo\source\repos\thetyper101\DemonReach\Unity Files\DemonReach\Library\ScriptAssemblies\Unity.2D.Psdimporter.Editor.dll
Symbol file LoadedFromMemory is not a mono symbol file
Symbol file data-000002726B75D040 doesn't match image C:\Users\ewcgo\source\repos\thetyper101\DemonReach\Unity Files\DemonReach\Library\ScriptAssemblies\Unity.2D.Path.Editor.dll
Symbol file LoadedFromMemory is not a mono symbol file
Symbol file data-000002726AE0A040 doesn't match image C:\Users\ewcgo\source\repos\thetyper101\DemonReach\Unity Files\DemonReach\Library\ScriptAssemblies\Unity.InternalAPIEditorBridge.001.dll
Symbol file LoadedFromMemory is not a mono symbol file
Symbol file data-00000272648AF980 doesn't match image C:\Users\ewcgo\source\repos\thetyper101\DemonReach\Unity Files\DemonReach\Library\ScriptAssemblies\UnityEditor.UI.dll
Symbol file LoadedFromMemory is not a mono symbol file
Symbol file data-0000027267A61010 doesn't match image C:\Users\ewcgo\source\repos\thetyper101\DemonReach\Unity Files\DemonReach\Library\ScriptAssemblies\Unity.PlasticSCM.Editor.dll
Symbol file LoadedFromMemory is not a mono symbol file
Symbol file data-00000272682109C0 doesn't match image C:\Users\ewcgo\source\repos\thetyper101\DemonReach\Unity Files\DemonReach\Library\ScriptAssemblies\Unity.Rider.Editor.dll
Symbol file LoadedFromMemory is not a mono symbol file
Symbol file data-0000027268E4B020 doesn't match image C:\Users\ewcgo\source\repos\thetyper101\DemonReach\Unity Files\DemonReach\Library\ScriptAssemblies\UnityEngine.UI.dll
Symbol file LoadedFromMemory is not a mono symbol file
Symbol file data-000002726CB0AD30 doesn't match image C:\Users\ewcgo\source\repos\thetyper101\DemonReach\Unity Files\DemonReach\Library\ScriptAssemblies\Unity.Mathematics.dll
Symbol file LoadedFromMemory is not a mono symbol file
Symbol file data-0000027268364820 doesn't match image C:\Users\ewcgo\source\repos\thetyper101\DemonReach\Unity Files\DemonReach\Library\ScriptAssemblies\Unity.2D.IK.Runtime.dll
Symbol file LoadedFromMemory is not a mono symbol file
Symbol file data-000002726BAEA020 doesn't match image C:\Users\ewcgo\source\repos\thetyper101\DemonReach\Unity Files\DemonReach\Library\ScriptAssemblies\Unity.2D.Animation.Triangle.Runtime.dll
Symbol file LoadedFromMemory is not a mono symbol file
Symbol file data-0000027264869020 doesn't match image C:\Users\ewcgo\source\repos\thetyper101\DemonReach\Unity Files\DemonReach\Library\ScriptAssemblies\Unity.2D.Animation.Runtime.dll
Symbol file LoadedFromMemory is not a mono symbol file
Symbol file data-000002726476F010 doesn't match image C:\Users\ewcgo\source\repos\thetyper101\DemonReach\Unity Files\DemonReach\Library\ScriptAssemblies\Unity.2D.PixelPerfect.Editor.dll
Symbol file LoadedFromMemory is not a mono symbol file
Symbol file data-00000272678BA020 doesn't match image C:\Users\ewcgo\source\repos\thetyper101\DemonReach\Unity Files\DemonReach\Library\ScriptAssemblies\Unity.Timeline.Editor.dll
Symbol file LoadedFromMemory is not a mono symbol file
Symbol file data-00000272648D8310 doesn't match image C:\Users\ewcgo\source\repos\thetyper101\DemonReach\Unity Files\DemonReach\Library\ScriptAssemblies\Unity.CollabProxy.Editor.dll
Symbol file LoadedFromMemory is not a mono symbol file
Symbol file data-00000272686A5F00 doesn't match image C:\Users\ewcgo\source\repos\thetyper101\DemonReach\Unity Files\DemonReach\Library\ScriptAssemblies\Unity.Mathematics.Editor.dll
Symbol file LoadedFromMemory is not a mono symbol file
Symbol file data-00000272646E40E0 doesn't match image C:\Users\ewcgo\source\repos\thetyper101\DemonReach\Unity Files\DemonReach\Library\ScriptAssemblies\Unity.2D.Common.Runtime.dll
Symbol file LoadedFromMemory is not a mono symbol file
Symbol file data-000002726A78F020 doesn't match image C:\Users\ewcgo\source\repos\thetyper101\DemonReach\Unity Files\DemonReach\Library\ScriptAssemblies\Unity.2D.SpriteShape.Editor.dll
Symbol file LoadedFromMemory is not a mono symbol file
Symbol file data-0000027268364820 doesn't match image C:\Users\ewcgo\source\repos\thetyper101\DemonReach\Unity Files\DemonReach\Library\ScriptAssemblies\Unity.2D.Common.Editor.dll
Symbol file LoadedFromMemory is not a mono symbol file
Symbol file data-0000027264893020 doesn't match image C:\Users\ewcgo\source\repos\thetyper101\DemonReach\Unity Files\DemonReach\Library\ScriptAssemblies\Unity.2D.SpriteShape.Runtime.dll
Symbol file LoadedFromMemory is not a mono symbol file
Native extension for WindowsStandalone target not found
Native extension for WebGL target not found
Refreshing native plugins compatible for Editor in 0.52 ms, found 3 plugins.
Preloading 0 native plugins for Editor in 0.00 ms.
Mono: successfully reloaded assembly
- Completed reload, in  1.084 seconds
Domain Reload Profiling:
	ReloadAssembly (1084ms)
		BeginReloadAssembly (123ms)
			ExecutionOrderSort (0ms)
			DisableScriptedObjects (5ms)
			BackupInstance (0ms)
			ReleaseScriptingObjects (0ms)
			CreateAndSetChildDomain (35ms)
		EndReloadAssembly (898ms)
			LoadAssemblies (110ms)
			RebuildTransferFunctionScriptingTraits (0ms)
			SetupTypeCache (264ms)
			ReleaseScriptCaches (1ms)
			RebuildScriptCaches (43ms)
			SetupLoadedEditorAssemblies (388ms)
				LogAssemblyErrors (0ms)
				InitializePlatformSupportModulesInManaged (6ms)
				SetLoadedEditorAssemblies (0ms)
				RefreshPlugins (1ms)
				BeforeProcessingInitializeOnLoad (89ms)
				ProcessInitializeOnLoadAttributes (278ms)
				ProcessInitializeOnLoadMethodAttributes (5ms)
				AfterProcessingInitializeOnLoad (9ms)
				EditorAssembliesLoaded (0ms)
			ExecutionOrderSort2 (0ms)
			AwakeInstancesAfterBackupRestoration (10ms)
Platform modules already initialized, skipping
Refreshing native plugins compatible for Editor in 0.57 ms, found 3 plugins.
Preloading 0 native plugins for Editor in 0.00 ms.
Unloading 2093 Unused Serialized files (Serialized files now loaded: 0)
System memory in use before: 93.1 MB.
System memory in use after: 93.2 MB.

Unloading 16 unused Assets to reduce memory usage. Loaded Objects now: 2551.
Total: 4.309100 ms (FindLiveObjects: 0.234900 ms CreateObjectMapping: 0.051000 ms MarkObjects: 3.992600 ms  DeleteObjects: 0.028100 ms)

AssetImportParameters requested are different than current active one (requested -> active):
  custom:framework-win-MediaFoundation: 216162199b28c13a410421893ffa2e32 -> 
  custom:video-decoder-ogg-theora: a1e56fd34408186e4bbccfd4996cb3dc -> 
  custom:container-muxer-webm: aa71ff27fc2769a1b78a27578f13a17b -> 
  custom:container-demuxer-webm: 4f35f7cbe854078d1ac9338744f61a02 -> 
  custom:container-demuxer-ogg: 62fdf1f143b41e24485cea50d1cbac27 -> 
  custom:video-encoder-webm-vp8: eb34c28f22e8b96e1ab97ce403110664 -> 
  custom:video-codec-MediaFoundation-h265: 746d11721c4dcdbdad8f713fa42b33f4 -> 
  custom:video-decoder-webm-vp8: 9c59270c3fd7afecdb556c50c9e8de78 -> 
  custom:audio-decoder-ogg-vorbis: bf7c407c2cedff20999df2af8eb42d56 -> 
  custom:audio-encoder-webm-vorbis: bf7c407c2cedff20999df2af8eb42d56 -> 
AssetImportWorkerClient::OnTransportError - code=2 error=End of file
