Using pre-set license
Built from '2020.3/staging' branch; Version is '2020.3.16f1 (049d6eca3c44) revision 302446'; Using compiler version '192528614'; Build Type 'Release'
OS: 'Windows 10 Home; OS build 22000.1219; Version 2009; 64bit' Language: 'en' Physical Memory: 7541 MB
BatchMode: 1, IsHumanControllingUs: 0, StartBugReporterOnCrash: 0, Is64bit: 1, IsPro: 0

 COMMAND LINE ARGUMENTS:
C:\Program Files\Unity\Hub\Editor\2020.3.16f1\Editor\Unity.exe
-adb2
-batchMode
-noUpm
-name
AssetImportWorker0
-projectPath
C:/Users/ewcgo/source/repos/thetyper101/DemonReach/Unity Files/DemonReach
-logFile
Logs/AssetImportWorker0.log
-srvPort
60705
Successfully changed project path to: C:/Users/ewcgo/source/repos/thetyper101/DemonReach/Unity Files/DemonReach
C:/Users/ewcgo/source/repos/thetyper101/DemonReach/Unity Files/DemonReach
Using Asset Import Pipeline V2.
Refreshing native plugins compatible for Editor in 75.45 ms, found 3 plugins.
Preloading 0 native plugins for Editor in 0.00 ms.
Initialize engine version: 2020.3.16f1 (049d6eca3c44)
[Subsystems] Discovering subsystems at path C:/Program Files/Unity/Hub/Editor/2020.3.16f1/Editor/Data/Resources/UnitySubsystems
[Subsystems] Discovering subsystems at path C:/Users/ewcgo/source/repos/thetyper101/DemonReach/Unity Files/DemonReach/Assets
GfxDevice: creating device client; threaded=0
Direct3D:
    Version:  Direct3D 11.0 [level 11.1]
    Renderer: AMD Radeon(TM) Graphics (ID=0x1636)
    Vendor:   
    VRAM:     3770 MB
    Driver:   26.20.14054.0
Initialize mono
Mono path[0] = 'C:/Program Files/Unity/Hub/Editor/2020.3.16f1/Editor/Data/Managed'
Mono path[1] = 'C:/Program Files/Unity/Hub/Editor/2020.3.16f1/Editor/Data/MonoBleedingEdge/lib/mono/unityjit'
Mono config path = 'C:/Program Files/Unity/Hub/Editor/2020.3.16f1/Editor/Data/MonoBleedingEdge/etc'
Using monoOptions --debugger-agent=transport=dt_socket,embedding=1,server=y,suspend=n,address=127.0.0.1:56452
Begin MonoManager ReloadAssembly
Registering precompiled unity dll's ...
Register platform support module: C:/Program Files/Unity/Hub/Editor/2020.3.16f1/Editor/Data/PlaybackEngines/WebGLSupport/UnityEditor.WebGL.Extensions.dll
Register platform support module: C:/Program Files/Unity/Hub/Editor/2020.3.16f1/Editor/Data/PlaybackEngines/WindowsStandaloneSupport/UnityEditor.WindowsStandalone.Extensions.dll
Registered in 0.008227 seconds.
Native extension for WindowsStandalone target not found
Native extension for WebGL target not found
Refreshing native plugins compatible for Editor in 51.44 ms, found 3 plugins.
Preloading 0 native plugins for Editor in 0.00 ms.
Mono: successfully reloaded assembly
- Completed reload, in  4.813 seconds
Domain Reload Profiling:
	ReloadAssembly (4814ms)
		BeginReloadAssembly (121ms)
			ExecutionOrderSort (0ms)
			DisableScriptedObjects (0ms)
			BackupInstance (0ms)
			ReleaseScriptingObjects (0ms)
			CreateAndSetChildDomain (1ms)
		EndReloadAssembly (526ms)
			LoadAssemblies (119ms)
			RebuildTransferFunctionScriptingTraits (1ms)
			SetupTypeCache (187ms)
			ReleaseScriptCaches (0ms)
			RebuildScriptCaches (31ms)
			SetupLoadedEditorAssemblies (207ms)
				LogAssemblyErrors (0ms)
				InitializePlatformSupportModulesInManaged (9ms)
				SetLoadedEditorAssemblies (0ms)
				RefreshPlugins (52ms)
				BeforeProcessingInitializeOnLoad (21ms)
				ProcessInitializeOnLoadAttributes (90ms)
				ProcessInitializeOnLoadMethodAttributes (35ms)
				AfterProcessingInitializeOnLoad (0ms)
				EditorAssembliesLoaded (1ms)
			ExecutionOrderSort2 (0ms)
			AwakeInstancesAfterBackupRestoration (0ms)
Platform modules already initialized, skipping
Registering precompiled user dll's ...
Registered in 0.020265 seconds.
Begin MonoManager ReloadAssembly
Symbol file data-0000016170979020 doesn't match image C:\Users\ewcgo\source\repos\thetyper101\DemonReach\Unity Files\DemonReach\Library\ScriptAssemblies\Unity.2D.Animation.Editor.dll
Symbol file LoadedFromMemory is not a mono symbol file
Symbol file data-000001616C815EE0 doesn't match image C:\Users\ewcgo\source\repos\thetyper101\DemonReach\Unity Files\DemonReach\Library\ScriptAssemblies\Unity.InternalAPIEngineBridge.001.dll
Symbol file LoadedFromMemory is not a mono symbol file
Symbol file data-00000161704E9670 doesn't match image C:\Users\ewcgo\source\repos\thetyper101\DemonReach\Unity Files\DemonReach\Library\ScriptAssemblies\Unity.VSCode.Editor.dll
Symbol file LoadedFromMemory is not a mono symbol file
Symbol file data-000001616CAF91D0 doesn't match image C:\Users\ewcgo\source\repos\thetyper101\DemonReach\Unity Files\DemonReach\Library\ScriptAssemblies\Unity.2D.PixelPerfect.dll
Symbol file LoadedFromMemory is not a mono symbol file
Symbol file data-00000161702A73C0 doesn't match image C:\Users\ewcgo\source\repos\thetyper101\DemonReach\Unity Files\DemonReach\Library\ScriptAssemblies\Unity.2D.Tilemap.Editor.dll
Symbol file LoadedFromMemory is not a mono symbol file
Symbol file data-0000016170864080 doesn't match image C:\Users\ewcgo\source\repos\thetyper101\DemonReach\Unity Files\DemonReach\Library\ScriptAssemblies\PsdPlugin.dll
Symbol file LoadedFromMemory is not a mono symbol file
Symbol file data-000001616FE14C90 doesn't match image C:\Users\ewcgo\source\repos\thetyper101\DemonReach\Unity Files\DemonReach\Library\ScriptAssemblies\Unity.TextMeshPro.Editor.dll
Symbol file LoadedFromMemory is not a mono symbol file
Symbol file data-000001616C9B4C40 doesn't match image C:\Users\ewcgo\source\repos\thetyper101\DemonReach\Unity Files\DemonReach\Library\ScriptAssemblies\Unity.VisualStudio.Editor.dll
Symbol file LoadedFromMemory is not a mono symbol file
Symbol file data-00000161700F6240 doesn't match image C:\Users\ewcgo\source\repos\thetyper101\DemonReach\Unity Files\DemonReach\Library\ScriptAssemblies\UnityEngine.TestRunner.dll
Symbol file LoadedFromMemory is not a mono symbol file
Symbol file data-00000161702A73C0 doesn't match image C:\Users\ewcgo\source\repos\thetyper101\DemonReach\Unity Files\DemonReach\Library\ScriptAssemblies\Unity.Timeline.dll
Symbol file LoadedFromMemory is not a mono symbol file
Symbol file data-0000016170A0F020 doesn't match image C:\Users\ewcgo\source\repos\thetyper101\DemonReach\Unity Files\DemonReach\Library\ScriptAssemblies\Unity.TextMeshPro.dll
Symbol file LoadedFromMemory is not a mono symbol file
Symbol file data-0000016170A3D230 doesn't match image C:\Users\ewcgo\source\repos\thetyper101\DemonReach\Unity Files\DemonReach\Library\ScriptAssemblies\UnityEditor.TestRunner.dll
Symbol file LoadedFromMemory is not a mono symbol file
Symbol file data-00000161704E9670 doesn't match image C:\Users\ewcgo\source\repos\thetyper101\DemonReach\Unity Files\DemonReach\Library\ScriptAssemblies\Unity.2D.IK.Editor.dll
Symbol file LoadedFromMemory is not a mono symbol file
Symbol file data-0000016170A3D230 doesn't match image C:\Users\ewcgo\source\repos\thetyper101\DemonReach\Unity Files\DemonReach\Library\ScriptAssemblies\Unity.2D.Sprite.Editor.dll
Symbol file LoadedFromMemory is not a mono symbol file
Symbol file data-000001616C9B4C40 doesn't match image C:\Users\ewcgo\source\repos\thetyper101\DemonReach\Unity Files\DemonReach\Library\ScriptAssemblies\Unity.2D.Psdimporter.Editor.dll
Symbol file LoadedFromMemory is not a mono symbol file
Symbol file data-0000016170864080 doesn't match image C:\Users\ewcgo\source\repos\thetyper101\DemonReach\Unity Files\DemonReach\Library\ScriptAssemblies\Unity.2D.Path.Editor.dll
Symbol file LoadedFromMemory is not a mono symbol file
Symbol file data-000001616CA174B0 doesn't match image C:\Users\ewcgo\source\repos\thetyper101\DemonReach\Unity Files\DemonReach\Library\ScriptAssemblies\Unity.InternalAPIEditorBridge.001.dll
Symbol file LoadedFromMemory is not a mono symbol file
Symbol file data-000001616C9B4C40 doesn't match image C:\Users\ewcgo\source\repos\thetyper101\DemonReach\Unity Files\DemonReach\Library\ScriptAssemblies\UnityEditor.UI.dll
Symbol file LoadedFromMemory is not a mono symbol file
Symbol file data-000001616F7ED020 doesn't match image C:\Users\ewcgo\source\repos\thetyper101\DemonReach\Unity Files\DemonReach\Library\ScriptAssemblies\Unity.PlasticSCM.Editor.dll
Symbol file LoadedFromMemory is not a mono symbol file
Symbol file data-000001616EF6DC20 doesn't match image C:\Users\ewcgo\source\repos\thetyper101\DemonReach\Unity Files\DemonReach\Library\ScriptAssemblies\Unity.Rider.Editor.dll
Symbol file LoadedFromMemory is not a mono symbol file
Symbol file data-000001616F688640 doesn't match image C:\Users\ewcgo\source\repos\thetyper101\DemonReach\Unity Files\DemonReach\Library\ScriptAssemblies\UnityEngine.UI.dll
Symbol file LoadedFromMemory is not a mono symbol file
Symbol file data-000001616FF83020 doesn't match image C:\Users\ewcgo\source\repos\thetyper101\DemonReach\Unity Files\DemonReach\Library\ScriptAssemblies\Unity.Mathematics.dll
Symbol file LoadedFromMemory is not a mono symbol file
Symbol file data-00000161704E9670 doesn't match image C:\Users\ewcgo\source\repos\thetyper101\DemonReach\Unity Files\DemonReach\Library\ScriptAssemblies\Unity.2D.IK.Runtime.dll
Symbol file LoadedFromMemory is not a mono symbol file
Symbol file data-000001616F688640 doesn't match image C:\Users\ewcgo\source\repos\thetyper101\DemonReach\Unity Files\DemonReach\Library\ScriptAssemblies\Unity.2D.Animation.Triangle.Runtime.dll
Symbol file LoadedFromMemory is not a mono symbol file
Symbol file data-000001616F1B7240 doesn't match image C:\Users\ewcgo\source\repos\thetyper101\DemonReach\Unity Files\DemonReach\Library\ScriptAssemblies\Unity.2D.Animation.Runtime.dll
Symbol file LoadedFromMemory is not a mono symbol file
Symbol file data-00000161704CEB20 doesn't match image C:\Users\ewcgo\source\repos\thetyper101\DemonReach\Unity Files\DemonReach\Library\ScriptAssemblies\Unity.2D.PixelPerfect.Editor.dll
Symbol file LoadedFromMemory is not a mono symbol file
Symbol file data-000001616F895020 doesn't match image C:\Users\ewcgo\source\repos\thetyper101\DemonReach\Unity Files\DemonReach\Library\ScriptAssemblies\Unity.Timeline.Editor.dll
Symbol file LoadedFromMemory is not a mono symbol file
Symbol file data-00000161702A73C0 doesn't match image C:\Users\ewcgo\source\repos\thetyper101\DemonReach\Unity Files\DemonReach\Library\ScriptAssemblies\Unity.CollabProxy.Editor.dll
Symbol file LoadedFromMemory is not a mono symbol file
Symbol file data-000001617086C090 doesn't match image C:\Users\ewcgo\source\repos\thetyper101\DemonReach\Unity Files\DemonReach\Library\ScriptAssemblies\Unity.Mathematics.Editor.dll
Symbol file LoadedFromMemory is not a mono symbol file
Symbol file data-000001616F09B060 doesn't match image C:\Users\ewcgo\source\repos\thetyper101\DemonReach\Unity Files\DemonReach\Library\ScriptAssemblies\Unity.2D.Common.Runtime.dll
Symbol file LoadedFromMemory is not a mono symbol file
Symbol file data-000001616C9B4C40 doesn't match image C:\Users\ewcgo\source\repos\thetyper101\DemonReach\Unity Files\DemonReach\Library\ScriptAssemblies\Unity.2D.SpriteShape.Editor.dll
Symbol file LoadedFromMemory is not a mono symbol file
Symbol file data-000001616FF6E830 doesn't match image C:\Users\ewcgo\source\repos\thetyper101\DemonReach\Unity Files\DemonReach\Library\ScriptAssemblies\Unity.2D.Common.Editor.dll
Symbol file LoadedFromMemory is not a mono symbol file
Symbol file data-00000161702A73C0 doesn't match image C:\Users\ewcgo\source\repos\thetyper101\DemonReach\Unity Files\DemonReach\Library\ScriptAssemblies\Unity.2D.SpriteShape.Runtime.dll
Symbol file LoadedFromMemory is not a mono symbol file
Native extension for WindowsStandalone target not found
Native extension for WebGL target not found
Refreshing native plugins compatible for Editor in 44.23 ms, found 3 plugins.
Preloading 0 native plugins for Editor in 0.00 ms.
Mono: successfully reloaded assembly
- Completed reload, in  1.400 seconds
Domain Reload Profiling:
	ReloadAssembly (1403ms)
		BeginReloadAssembly (159ms)
			ExecutionOrderSort (0ms)
			DisableScriptedObjects (4ms)
			BackupInstance (0ms)
			ReleaseScriptingObjects (0ms)
			CreateAndSetChildDomain (20ms)
		EndReloadAssembly (1169ms)
			LoadAssemblies (177ms)
			RebuildTransferFunctionScriptingTraits (0ms)
			SetupTypeCache (327ms)
			ReleaseScriptCaches (1ms)
			RebuildScriptCaches (45ms)
			SetupLoadedEditorAssemblies (504ms)
				LogAssemblyErrors (0ms)
				InitializePlatformSupportModulesInManaged (6ms)
				SetLoadedEditorAssemblies (0ms)
				RefreshPlugins (44ms)
				BeforeProcessingInitializeOnLoad (93ms)
				ProcessInitializeOnLoadAttributes (329ms)
				ProcessInitializeOnLoadMethodAttributes (23ms)
				AfterProcessingInitializeOnLoad (8ms)
				EditorAssembliesLoaded (0ms)
			ExecutionOrderSort2 (0ms)
			AwakeInstancesAfterBackupRestoration (7ms)
Platform modules already initialized, skipping
========================================================================
Worker process is ready to serve import requests
Launched and connected shader compiler UnityShaderCompiler.exe after 0.07 seconds
Refreshing native plugins compatible for Editor in 0.50 ms, found 3 plugins.
Preloading 0 native plugins for Editor in 0.00 ms.
Unloading 2103 Unused Serialized files (Serialized files now loaded: 0)
System memory in use before: 93.5 MB.
System memory in use after: 93.6 MB.

Unloading 28 unused Assets to reduce memory usage. Loaded Objects now: 2542.
Total: 9.161800 ms (FindLiveObjects: 0.241800 ms CreateObjectMapping: 0.048900 ms MarkObjects: 8.535900 ms  DeleteObjects: 0.332600 ms)

AssetImportParameters requested are different than current active one (requested -> active):
  custom:framework-win-MediaFoundation: 216162199b28c13a410421893ffa2e32 -> 
  custom:video-decoder-ogg-theora: a1e56fd34408186e4bbccfd4996cb3dc -> 
  custom:container-muxer-webm: aa71ff27fc2769a1b78a27578f13a17b -> 
  custom:container-demuxer-webm: 4f35f7cbe854078d1ac9338744f61a02 -> 
  custom:container-demuxer-ogg: 62fdf1f143b41e24485cea50d1cbac27 -> 
  custom:video-encoder-webm-vp8: eb34c28f22e8b96e1ab97ce403110664 -> 
  custom:video-codec-MediaFoundation-h265: 746d11721c4dcdbdad8f713fa42b33f4 -> 
  custom:video-decoder-webm-vp8: 9c59270c3fd7afecdb556c50c9e8de78 -> 
  custom:audio-decoder-ogg-vorbis: bf7c407c2cedff20999df2af8eb42d56 -> 
  custom:audio-encoder-webm-vorbis: bf7c407c2cedff20999df2af8eb42d56 -> 
========================================================================
Received Import Request.
  path: Assets/Scripts/Managers
  artifactKey: Guid(3772890d364d11d4eb244f50d492452d) Importer(815301076,1909f56bfc062723c751e8b465ee728b)
Start importing Assets/Scripts/Managers using Guid(3772890d364d11d4eb244f50d492452d) Importer(815301076,1909f56bfc062723c751e8b465ee728b)  -> (artifact id: 'fd12529decfc3badf0cb0971f7d5f434') in 0.017458 seconds 
  Import took 0.023587 seconds .

========================================================================
Received Import Request.
  Time since last request: 0.001247 seconds.
  path: Assets/Scripts/Managers/UpgradeManager.cs
  artifactKey: Guid(608eb9d60b6790d4bb251d2c8ad9395f) Importer(815301076,1909f56bfc062723c751e8b465ee728b)
Start importing Assets/Scripts/Managers/UpgradeManager.cs using Guid(608eb9d60b6790d4bb251d2c8ad9395f) Importer(815301076,1909f56bfc062723c751e8b465ee728b)  -> (artifact id: 'e28c16e14afa6f1fb4aa9d333d0dfe9f') in 0.075184 seconds 
  Import took 0.079635 seconds .

========================================================================
Received Import Request.
  Time since last request: 0.022806 seconds.
  path: Assets/Scripts/GameObject Scripts/Upgrade.cs
  artifactKey: Guid(b614461598e2a5a4bbc6944469327492) Importer(815301076,1909f56bfc062723c751e8b465ee728b)
Start importing Assets/Scripts/GameObject Scripts/Upgrade.cs using Guid(b614461598e2a5a4bbc6944469327492) Importer(815301076,1909f56bfc062723c751e8b465ee728b)  -> (artifact id: 'ee7a17235ce372723f74be708d104bd0') in 0.005526 seconds 
  Import took 0.009663 seconds .

AssetImportWorkerClient::OnTransportError - code=2 error=End of file
